<?xml version="1.0" encoding="UTF-8"?>
<!-- Generated by org.testng.reporters.JUnitReportReporter -->
<testsuite hostname="DESKTOP-V82BEDM" failures="0" tests="6" name="testCases.AdminPageTest" time="59.111" errors="0" timestamp="15 May 2024 14:53:39 GMT" skipped="3">
  <testcase classname="testCases.AdminPageTest" name="pageLogin" time="8.678"/>
  <testcase classname="testCases.AdminPageTest" name="editGeneralInformation" time="16.490"/>
  <testcase classname="testCases.AdminPageTest" name="launchURL" time="33.943"/>
  <testcase classname="testCases.AdminPageTest" name="pageAdmin">
    <skipped/>
  </testcase> <!-- pageAdmin -->
  <testcase classname="testCases.AdminPageTest" name="searchUser">
    <skipped/>
  </testcase> <!-- searchUser -->
  <testcase classname="testCases.AdminPageTest" name="editUser">
    <skipped/>
  </testcase> <!-- editUser -->
</testsuite> <!-- testCases.AdminPageTest -->
